<?xml version="1.0" encoding="UTF-8"?>
<coverage generated="1713883443622" clover="3.2.0">
  <project timestamp="1713883443622" name="All files">
    <metrics statements="42" coveredstatements="37" conditionals="9" coveredconditionals="8" methods="7" coveredmethods="5" elements="58" coveredelements="50" complexity="0" loc="42" ncloc="42" packages="1" files="2" classes="2"/>
    <file name="functions.ts" path="C:\Users\octav\OneDrive\Skrivbord\Medieinstitutet\Frontend Developer 2023\8. Testning\Inlämningsuppgifter\assignment-1\testing-JPereyra7\src\ts\functions.ts">
      <metrics statements="9" coveredstatements="8" conditionals="7" coveredconditionals="6" methods="2" coveredmethods="2"/>
      <line num="3" count="1" type="cond" truecount="1" falsecount="0"/>
      <line num="4" count="4" type="stmt"/>
      <line num="5" count="5" type="cond" truecount="2" falsecount="0"/>
      <line num="6" count="4" type="cond" truecount="1" falsecount="0"/>
      <line num="7" count="3" type="cond" truecount="1" falsecount="0"/>
      <line num="9" count="1" type="stmt"/>
      <line num="11" count="1" type="cond" truecount="0" falsecount="1"/>
      <line num="12" count="1" type="cond" truecount="1" falsecount="0"/>
      <line num="14" count="0" type="stmt"/>
    </file>
    <file name="movieApp.ts" path="C:\Users\octav\OneDrive\Skrivbord\Medieinstitutet\Frontend Developer 2023\8. Testning\Inlämningsuppgifter\assignment-1\testing-JPereyra7\src\ts\movieApp.ts">
      <metrics statements="33" coveredstatements="29" conditionals="2" coveredconditionals="2" methods="5" coveredmethods="3"/>
      <line num="2" count="1" type="stmt"/>
      <line num="4" count="1" type="stmt"/>
      <line num="6" count="1" type="stmt"/>
      <line num="7" count="0" type="stmt"/>
      <line num="8" count="0" type="stmt"/>
      <line num="9" count="0" type="stmt"/>
      <line num="10" count="0" type="stmt"/>
      <line num="14" count="1" type="stmt"/>
      <line num="15" count="3" type="stmt"/>
      <line num="18" count="3" type="stmt"/>
      <line num="21" count="3" type="stmt"/>
      <line num="23" count="3" type="stmt"/>
      <line num="24" count="3" type="stmt"/>
      <line num="26" count="2" type="cond" truecount="2" falsecount="0"/>
      <line num="27" count="1" type="stmt"/>
      <line num="29" count="1" type="stmt"/>
      <line num="32" count="1" type="stmt"/>
      <line num="36" count="1" type="stmt"/>
      <line num="37" count="1" type="stmt"/>
      <line num="38" count="2" type="stmt"/>
      <line num="39" count="2" type="stmt"/>
      <line num="40" count="2" type="stmt"/>
      <line num="42" count="2" type="stmt"/>
      <line num="43" count="2" type="stmt"/>
      <line num="44" count="2" type="stmt"/>
      <line num="45" count="2" type="stmt"/>
      <line num="47" count="2" type="stmt"/>
      <line num="48" count="2" type="stmt"/>
      <line num="50" count="2" type="stmt"/>
      <line num="54" count="1" type="stmt"/>
      <line num="55" count="2" type="stmt"/>
      <line num="57" count="2" type="stmt"/>
      <line num="59" count="2" type="stmt"/>
    </file>
  </project>
</coverage>
