<?xml version="1.0" encoding="UTF-8"?>
<coverage generated="1714049648064" clover="3.2.0">
  <project timestamp="1714049648065" name="All files">
    <metrics statements="39" coveredstatements="37" conditionals="9" coveredconditionals="8" methods="5" coveredmethods="5" elements="53" coveredelements="50" complexity="0" loc="39" ncloc="39" packages="2" files="4" classes="4"/>
    <package name="src">
      <metrics statements="14" coveredstatements="13" conditionals="2" coveredconditionals="2" methods="1" coveredmethods="1"/>
      <file name="handleSubmit.ts" path="C:\Users\octav\OneDrive\Skrivbord\Medieinstitutet\Frontend Developer 2023\8. Testning\Inlämningsuppgifter\assignment-1\testing-JPereyra7\src\handleSubmit.ts">
        <metrics statements="14" coveredstatements="13" conditionals="2" coveredconditionals="2" methods="1" coveredmethods="1"/>
        <line num="1" count="1" type="stmt"/>
        <line num="2" count="1" type="stmt"/>
        <line num="4" count="1" type="stmt"/>
        <line num="6" count="1" type="stmt"/>
        <line num="8" count="1" type="stmt"/>
        <line num="9" count="2" type="stmt"/>
        <line num="12" count="2" type="stmt"/>
        <line num="15" count="2" type="stmt"/>
        <line num="17" count="2" type="stmt"/>
        <line num="18" count="2" type="stmt"/>
        <line num="20" count="2" type="cond" truecount="2" falsecount="0"/>
        <line num="21" count="1" type="stmt"/>
        <line num="23" count="1" type="stmt"/>
        <line num="26" count="0" type="stmt"/>
      </file>
    </package>
    <package name="src.ts">
      <metrics statements="25" coveredstatements="24" conditionals="7" coveredconditionals="6" methods="4" coveredmethods="4"/>
      <file name="createHtml.ts" path="C:\Users\octav\OneDrive\Skrivbord\Medieinstitutet\Frontend Developer 2023\8. Testning\Inlämningsuppgifter\assignment-1\testing-JPereyra7\src\ts\createHtml.ts">
        <metrics statements="12" coveredstatements="12" conditionals="0" coveredconditionals="0" methods="1" coveredmethods="1"/>
        <line num="3" count="2" type="stmt"/>
        <line num="4" count="2" type="stmt"/>
        <line num="5" count="8" type="stmt"/>
        <line num="6" count="8" type="stmt"/>
        <line num="7" count="8" type="stmt"/>
        <line num="11" count="8" type="stmt"/>
        <line num="12" count="8" type="stmt"/>
        <line num="13" count="8" type="stmt"/>
        <line num="14" count="8" type="stmt"/>
        <line num="16" count="8" type="stmt"/>
        <line num="17" count="8" type="stmt"/>
        <line num="19" count="8" type="stmt"/>
      </file>
      <file name="displayNoResult.ts" path="C:\Users\octav\OneDrive\Skrivbord\Medieinstitutet\Frontend Developer 2023\8. Testning\Inlämningsuppgifter\assignment-1\testing-JPereyra7\src\ts\displayNoResult.ts">
        <metrics statements="4" coveredstatements="4" conditionals="0" coveredconditionals="0" methods="1" coveredmethods="1"/>
        <line num="1" count="2" type="stmt"/>
        <line num="2" count="1" type="stmt"/>
        <line num="4" count="1" type="stmt"/>
        <line num="6" count="1" type="stmt"/>
      </file>
      <file name="functions.ts" path="C:\Users\octav\OneDrive\Skrivbord\Medieinstitutet\Frontend Developer 2023\8. Testning\Inlämningsuppgifter\assignment-1\testing-JPereyra7\src\ts\functions.ts">
        <metrics statements="9" coveredstatements="8" conditionals="7" coveredconditionals="6" methods="2" coveredmethods="2"/>
        <line num="3" count="1" type="cond" truecount="1" falsecount="0"/>
        <line num="4" count="4" type="stmt"/>
        <line num="5" count="5" type="cond" truecount="2" falsecount="0"/>
        <line num="6" count="4" type="cond" truecount="1" falsecount="0"/>
        <line num="7" count="3" type="cond" truecount="1" falsecount="0"/>
        <line num="9" count="1" type="stmt"/>
        <line num="11" count="1" type="cond" truecount="0" falsecount="1"/>
        <line num="12" count="1" type="cond" truecount="1" falsecount="0"/>
        <line num="14" count="0" type="stmt"/>
      </file>
    </package>
  </project>
</coverage>
