{"C:\\Users\\octav\\OneDrive\\Skrivbord\\Medieinstitutet\\Frontend Developer 2023\\8. Testning\\Inlämningsuppgifter\\assignment-1\\testing-JPereyra7\\src\\ts\\functions.ts": {"path":"C:\\Users\\octav\\OneDrive\\Skrivbord\\Medieinstitutet\\Frontend Developer 2023\\8. Testning\\Inlämningsuppgifter\\assignment-1\\testing-JPereyra7\\src\\ts\\functions.ts","statementMap":{"0":{"start":{"line":3,"column":25},"end":{"line":17,"column":1}},"1":{"start":{"line":4,"column":2},"end":{"line":16,"column":5}},"2":{"start":{"line":5,"column":4},"end":{"line":15,"column":5}},"3":{"start":{"line":6,"column":6},"end":{"line":6,"column":38}},"4":{"start":{"line":6,"column":29},"end":{"line":6,"column":38}},"5":{"start":{"line":7,"column":6},"end":{"line":7,"column":39}},"6":{"start":{"line":7,"column":29},"end":{"line":7,"column":39}},"7":{"start":{"line":9,"column":6},"end":{"line":9,"column":15}},"8":{"start":{"line":11,"column":6},"end":{"line":11,"column":39}},"9":{"start":{"line":11,"column":29},"end":{"line":11,"column":39}},"10":{"start":{"line":12,"column":6},"end":{"line":12,"column":38}},"11":{"start":{"line":12,"column":29},"end":{"line":12,"column":38}},"12":{"start":{"line":14,"column":6},"end":{"line":14,"column":15}},"13":{"start":{"line":3,"column":13},"end":{"line":3,"column":25}}},"fnMap":{"0":{"name":"(anonymous_0)","decl":{"start":{"line":3,"column":25},"end":{"line":3,"column":26}},"loc":{"start":{"line":3,"column":68},"end":{"line":17,"column":1}}},"1":{"name":"(anonymous_1)","decl":{"start":{"line":4,"column":21},"end":{"line":4,"column":22}},"loc":{"start":{"line":4,"column":46},"end":{"line":16,"column":3}}}},"branchMap":{"0":{"loc":{"start":{"line":3,"column":44},"end":{"line":3,"column":64}},"type":"default-arg","locations":[{"start":{"line":3,"column":60},"end":{"line":3,"column":64}}]},"1":{"loc":{"start":{"line":5,"column":4},"end":{"line":15,"column":5}},"type":"if","locations":[{"start":{"line":5,"column":4},"end":{"line":15,"column":5}},{"start":{"line":10,"column":11},"end":{"line":15,"column":5}}]},"2":{"loc":{"start":{"line":6,"column":6},"end":{"line":6,"column":38}},"type":"if","locations":[{"start":{"line":6,"column":6},"end":{"line":6,"column":38}}]},"3":{"loc":{"start":{"line":7,"column":6},"end":{"line":7,"column":39}},"type":"if","locations":[{"start":{"line":7,"column":6},"end":{"line":7,"column":39}}]},"4":{"loc":{"start":{"line":11,"column":6},"end":{"line":11,"column":39}},"type":"if","locations":[{"start":{"line":11,"column":6},"end":{"line":11,"column":39}}]},"5":{"loc":{"start":{"line":12,"column":6},"end":{"line":12,"column":38}},"type":"if","locations":[{"start":{"line":12,"column":6},"end":{"line":12,"column":38}}]}},"s":{"0":1,"1":4,"2":5,"3":4,"4":1,"5":3,"6":2,"7":1,"8":1,"9":0,"10":1,"11":1,"12":0,"13":1},"f":{"0":4,"1":5},"b":{"0":[3],"1":[4,1],"2":[1],"3":[2],"4":[0],"5":[1]}}
,"C:\\Users\\octav\\OneDrive\\Skrivbord\\Medieinstitutet\\Frontend Developer 2023\\8. Testning\\Inlämningsuppgifter\\assignment-1\\testing-JPereyra7\\src\\ts\\movieApp.ts": {"path":"C:\\Users\\octav\\OneDrive\\Skrivbord\\Medieinstitutet\\Frontend Developer 2023\\8. Testning\\Inlämningsuppgifter\\assignment-1\\testing-JPereyra7\\src\\ts\\movieApp.ts","statementMap":{"0":{"start":{"line":2,"column":0},"end":{"line":2,"column":50}},"1":{"start":{"line":4,"column":23},"end":{"line":4,"column":25}},"2":{"start":{"line":6,"column":20},"end":{"line":12,"column":1}},"3":{"start":{"line":7,"column":13},"end":{"line":7,"column":69}},"4":{"start":{"line":8,"column":2},"end":{"line":11,"column":5}},"5":{"start":{"line":9,"column":4},"end":{"line":9,"column":23}},"6":{"start":{"line":10,"column":4},"end":{"line":10,"column":19}},"7":{"start":{"line":6,"column":13},"end":{"line":6,"column":20}},"8":{"start":{"line":15,"column":20},"end":{"line":16,"column":10}},"9":{"start":{"line":18,"column":34},"end":{"line":19,"column":null}},"10":{"start":{"line":21,"column":2},"end":{"line":21,"column":27}},"11":{"start":{"line":23,"column":2},"end":{"line":33,"column":3}},"12":{"start":{"line":24,"column":4},"end":{"line":24,"column":39}},"13":{"start":{"line":26,"column":4},"end":{"line":30,"column":5}},"14":{"start":{"line":27,"column":6},"end":{"line":27,"column":36}},"15":{"start":{"line":29,"column":6},"end":{"line":29,"column":33}},"16":{"start":{"line":32,"column":4},"end":{"line":32,"column":31}},"17":{"start":{"line":14,"column":0},"end":{"line":14,"column":7}},"18":{"start":{"line":36,"column":26},"end":{"line":52,"column":1}},"19":{"start":{"line":37,"column":2},"end":{"line":51,"column":3}},"20":{"start":{"line":37,"column":15},"end":{"line":37,"column":16}},"21":{"start":{"line":38,"column":16},"end":{"line":38,"column":45}},"22":{"start":{"line":39,"column":16},"end":{"line":39,"column":44}},"23":{"start":{"line":40,"column":14},"end":{"line":40,"column":43}},"24":{"start":{"line":42,"column":4},"end":{"line":42,"column":33}},"25":{"start":{"line":43,"column":4},"end":{"line":43,"column":38}},"26":{"start":{"line":44,"column":4},"end":{"line":44,"column":31}},"27":{"start":{"line":45,"column":4},"end":{"line":45,"column":30}},"28":{"start":{"line":47,"column":4},"end":{"line":47,"column":29}},"29":{"start":{"line":48,"column":4},"end":{"line":48,"column":27}},"30":{"start":{"line":50,"column":4},"end":{"line":50,"column":33}},"31":{"start":{"line":36,"column":13},"end":{"line":36,"column":26}},"32":{"start":{"line":54,"column":31},"end":{"line":60,"column":1}},"33":{"start":{"line":55,"column":18},"end":{"line":55,"column":45}},"34":{"start":{"line":57,"column":2},"end":{"line":57,"column":52}},"35":{"start":{"line":59,"column":2},"end":{"line":59,"column":35}},"36":{"start":{"line":54,"column":13},"end":{"line":54,"column":31}}},"fnMap":{"0":{"name":"(anonymous_0)","decl":{"start":{"line":6,"column":20},"end":{"line":6,"column":23}},"loc":{"start":{"line":6,"column":25},"end":{"line":12,"column":1}}},"1":{"name":"(anonymous_1)","decl":{"start":{"line":8,"column":34},"end":{"line":8,"column":35}},"loc":{"start":{"line":8,"column":53},"end":{"line":11,"column":3}}},"2":{"name":"handleSubmit","decl":{"start":{"line":14,"column":22},"end":{"line":14,"column":34}},"loc":{"start":{"line":14,"column":34},"end":{"line":34,"column":1}}},"3":{"name":"(anonymous_3)","decl":{"start":{"line":36,"column":26},"end":{"line":36,"column":27}},"loc":{"start":{"line":36,"column":74},"end":{"line":52,"column":1}}},"4":{"name":"(anonymous_4)","decl":{"start":{"line":54,"column":31},"end":{"line":54,"column":32}},"loc":{"start":{"line":54,"column":61},"end":{"line":60,"column":1}}}},"branchMap":{"0":{"loc":{"start":{"line":26,"column":4},"end":{"line":30,"column":5}},"type":"if","locations":[{"start":{"line":26,"column":4},"end":{"line":30,"column":5}},{"start":{"line":28,"column":11},"end":{"line":30,"column":5}}]}},"s":{"0":1,"1":1,"2":1,"3":0,"4":0,"5":0,"6":0,"7":1,"8":3,"9":3,"10":3,"11":3,"12":3,"13":2,"14":1,"15":1,"16":1,"17":1,"18":1,"19":1,"20":1,"21":2,"22":2,"23":2,"24":2,"25":2,"26":2,"27":2,"28":2,"29":2,"30":2,"31":1,"32":1,"33":2,"34":2,"35":2,"36":1},"f":{"0":0,"1":0,"2":3,"3":1,"4":2},"b":{"0":[1,1]}}
}
