TN:
SF:src\handleSubmit.ts
FN:8,handleSubmit
FNF:1
FNH:1
FNDA:2,handleSubmit
DA:1,1
DA:2,1
DA:4,1
DA:6,1
DA:8,1
DA:9,2
DA:12,2
DA:15,2
DA:17,2
DA:18,2
DA:20,2
DA:21,1
DA:23,1
DA:26,0
LF:14
LH:13
BRDA:20,0,0,1
BRDA:20,0,1,1
BRF:2
BRH:2
end_of_record
TN:
SF:src\ts\createHtml.ts
FN:3,(anonymous_0)
FNF:1
FNH:1
FNDA:2,(anonymous_0)
DA:3,2
DA:4,2
DA:5,8
DA:6,8
DA:7,8
DA:11,8
DA:12,8
DA:13,8
DA:14,8
DA:16,8
DA:17,8
DA:19,8
LF:12
LH:12
BRF:0
BRH:0
end_of_record
TN:
SF:src\ts\displayNoResult.ts
FN:1,(anonymous_0)
FNF:1
FNH:1
FNDA:1,(anonymous_0)
DA:1,2
DA:2,1
DA:4,1
DA:6,1
LF:4
LH:4
BRF:0
BRH:0
end_of_record
TN:
SF:src\ts\functions.ts
FN:3,(anonymous_0)
FN:4,(anonymous_1)
FNF:2
FNH:2
FNDA:4,(anonymous_0)
FNDA:5,(anonymous_1)
DA:3,1
DA:4,4
DA:5,5
DA:6,4
DA:7,3
DA:9,1
DA:11,1
DA:12,1
DA:14,0
LF:9
LH:8
BRDA:3,0,0,3
BRDA:5,1,0,4
BRDA:5,1,1,1
BRDA:6,2,0,1
BRDA:7,3,0,2
BRDA:11,4,0,0
BRDA:12,5,0,1
BRF:7
BRH:6
end_of_record
