TN:
SF:src\ts\functions.ts
FN:3,(anonymous_0)
FN:4,(anonymous_1)
FNF:2
FNH:2
FNDA:4,(anonymous_0)
FNDA:5,(anonymous_1)
DA:3,1
DA:4,4
DA:5,5
DA:6,4
DA:7,3
DA:9,1
DA:11,1
DA:12,1
DA:14,0
LF:9
LH:8
BRDA:3,0,0,3
BRDA:5,1,0,4
BRDA:5,1,1,1
BRDA:6,2,0,1
BRDA:7,3,0,2
BRDA:11,4,0,0
BRDA:12,5,0,1
BRF:7
BRH:6
end_of_record
TN:
SF:src\ts\movieApp.ts
FN:6,(anonymous_0)
FN:8,(anonymous_1)
FN:14,handleSubmit
FN:36,(anonymous_3)
FN:54,(anonymous_4)
FNF:5
FNH:3
FNDA:0,(anonymous_0)
FNDA:0,(anonymous_1)
FNDA:3,handleSubmit
FNDA:1,(anonymous_3)
FNDA:2,(anonymous_4)
DA:2,1
DA:4,1
DA:6,1
DA:7,0
DA:8,0
DA:9,0
DA:10,0
DA:14,1
DA:15,3
DA:18,3
DA:21,3
DA:23,3
DA:24,3
DA:26,2
DA:27,1
DA:29,1
DA:32,1
DA:36,1
DA:37,1
DA:38,2
DA:39,2
DA:40,2
DA:42,2
DA:43,2
DA:44,2
DA:45,2
DA:47,2
DA:48,2
DA:50,2
DA:54,1
DA:55,2
DA:57,2
DA:59,2
LF:33
LH:29
BRDA:26,0,0,1
BRDA:26,0,1,1
BRF:2
BRH:2
end_of_record
